# JRE version: Java(TM) SE Runtime Environment (8.0_161-b12) (build 1.8.0_161-b12)
# Java VM: Java HotSpot(TM) 64-Bit Server VM (25.161-b12 mixed mode windows-amd64 compressed oops)
Heap:
 PSYoungGen      total 260608K, used 85836K [0x000000076b800000, 0x0000000780500000, 0x00000007c0000000)
  eden space 242176K, 35% used [0x000000076b800000,0x0000000770bd30b8,0x000000077a480000)
  from space 18432K, 0% used [0x000000077b680000,0x000000077b680000,0x000000077c880000)
  to   space 18432K, 0% used [0x000000077a480000,0x000000077a480000,0x000000077b680000)
 ParOldGen       total 126976K, used 24276K [0x00000006c2800000, 0x00000006ca400000, 0x000000076b800000)
  object space 126976K, 19% used [0x00000006c2800000,0x00000006c3fb5178,0x00000006ca400000)
 Metaspace       used 37910K, capacity 38295K, committed 38784K, reserved 1083392K
  class space    used 4919K, capacity 5149K, committed 5248K, reserved 1048576K
GC Heap History (10 events):
Event: 2.785 GC heap before
{Heap before GC invocations=6 (full 1):
 PSYoungGen      total 140800K, used 10750K [0x000000076b800000, 0x000000077da00000, 0x00000007c0000000)
  eden space 130048K, 0% used [0x000000076b800000,0x000000076b800000,0x0000000773700000)
  from space 10752K, 99% used [0x0000000773700000,0x000000077417fa90,0x0000000774180000)
  to   space 18432K, 0% used [0x000000077c800000,0x000000077c800000,0x000000077da00000)
 ParOldGen       total 173568K, used 14558K [0x00000006c2800000, 0x00000006cd180000, 0x000000076b800000)
  object space 173568K, 8% used [0x00000006c2800000,0x00000006c36379f8,0x00000006cd180000)
 Metaspace       used 20947K, capacity 21036K, committed 21248K, reserved 1067008K
  class space    used 2641K, capacity 2689K, committed 2816K, reserved 1048576K
Event: 2.902 GC heap after
Heap after GC invocations=6 (full 1):
 PSYoungGen      total 140800K, used 0K [0x000000076b800000, 0x000000077da00000, 0x00000007c0000000)
  eden space 130048K, 0% used [0x000000076b800000,0x000000076b800000,0x0000000773700000)
  from space 10752K, 0% used [0x0000000773700000,0x0000000773700000,0x0000000774180000)
  to   space 18432K, 0% used [0x000000077c800000,0x000000077c800000,0x000000077da00000)
 ParOldGen       total 126976K, used 17206K [0x00000006c2800000, 0x00000006ca400000, 0x000000076b800000)
  object space 126976K, 13% used [0x00000006c2800000,0x00000006c38cd958,0x00000006ca400000)
 Metaspace       used 20947K, capacity 21036K, committed 21248K, reserved 1067008K
  class space    used 2641K, capacity 2689K, committed 2816K, reserved 1048576K
}
Event: 3.853 GC heap before
{Heap before GC invocations=7 (full 1):
 PSYoungGen      total 140800K, used 130048K [0x000000076b800000, 0x000000077da00000, 0x00000007c0000000)
  eden space 130048K, 100% used [0x000000076b800000,0x0000000773700000,0x0000000773700000)
  from space 10752K, 0% used [0x0000000773700000,0x0000000773700000,0x0000000774180000)
  to   space 18432K, 0% used [0x000000077c800000,0x000000077c800000,0x000000077da00000)
 ParOldGen       total 126976K, used 17206K [0x00000006c2800000, 0x00000006ca400000, 0x000000076b800000)
  object space 126976K, 13% used [0x00000006c2800000,0x00000006c38cd958,0x00000006ca400000)
 Metaspace       used 24380K, capacity 24524K, committed 24704K, reserved 1071104K
  class space    used 3309K, capacity 3361K, committed 3456K, reserved 1048576K
Event: 3.858 GC heap after
Heap after GC invocations=7 (full 1):
 PSYoungGen      total 183296K, used 5803K [0x000000076b800000, 0x000000077ce00000, 0x00000007c0000000)
  eden space 177152K, 0% used [0x000000076b800000,0x000000076b800000,0x0000000776500000)
  from space 6144K, 94% used [0x000000077c800000,0x000000077cdaaef8,0x000000077ce00000)
  to   space 19456K, 0% used [0x000000077a800000,0x000000077a800000,0x000000077bb00000)
 ParOldGen       total 126976K, used 17206K [0x00000006c2800000, 0x00000006ca400000, 0x000000076b800000)
  object space 126976K, 13% used [0x00000006c2800000,0x00000006c38cd958,0x00000006ca400000)
 Metaspace       used 24380K, capacity 24524K, committed 24704K, reserved 1071104K
  class space    used 3309K, capacity 3361K, committed 3456K, reserved 1048576K
}
Event: 4.906 GC heap before
{Heap before GC invocations=8 (full 1):
 PSYoungGen      total 183296K, used 182955K [0x000000076b800000, 0x000000077ce00000, 0x00000007c0000000)
  eden space 177152K, 100% used [0x000000076b800000,0x0000000776500000,0x0000000776500000)
  from space 6144K, 94% used [0x000000077c800000,0x000000077cdaaef8,0x000000077ce00000)
  to   space 19456K, 0% used [0x000000077a800000,0x000000077a800000,0x000000077bb00000)
 ParOldGen       total 126976K, used 17206K [0x00000006c2800000, 0x00000006ca400000, 0x000000076b800000)
  object space 126976K, 13% used [0x00000006c2800000,0x00000006c38cd958,0x00000006ca400000)
 Metaspace       used 31332K, capacity 31485K, committed 31872K, reserved 1077248K
  class space    used 4155K, capacity 4198K, committed 4224K, reserved 1048576K
Event: 4.914 GC heap after
Heap after GC invocations=8 (full 1):
 PSYoungGen      total 243712K, used 9836K [0x000000076b800000, 0x000000077c880000, 0x00000007c0000000)
  eden space 233472K, 0% used [0x000000076b800000,0x000000076b800000,0x0000000779c00000)
  from space 10240K, 96% used [0x000000077a800000,0x000000077b19b1c8,0x000000077b200000)
  to   space 18432K, 0% used [0x000000077b680000,0x000000077b680000,0x000000077c880000)
 ParOldGen       total 126976K, used 17214K [0x00000006c2800000, 0x00000006ca400000, 0x000000076b800000)
  object space 126976K, 13% used [0x00000006c2800000,0x00000006c38cf958,0x00000006ca400000)
 Metaspace       used 31332K, capacity 31485K, committed 31872K, reserved 1077248K
  class space    used 4155K, capacity 4198K, committed 4224K, reserved 1048576K
}
Event: 5.463 GC heap before
{Heap before GC invocations=9 (full 1):
 PSYoungGen      total 243712K, used 44121K [0x000000076b800000, 0x000000077c880000, 0x00000007c0000000)
  eden space 233472K, 14% used [0x000000076b800000,0x000000076d97b330,0x0000000779c00000)
  from space 10240K, 96% used [0x000000077a800000,0x000000077b19b1c8,0x000000077b200000)
  to   space 18432K, 0% used [0x000000077b680000,0x000000077b680000,0x000000077c880000)
 ParOldGen       total 126976K, used 17214K [0x00000006c2800000, 0x00000006ca400000, 0x000000076b800000)
  object space 126976K, 13% used [0x00000006c2800000,0x00000006c38cf958,0x00000006ca400000)
 Metaspace       used 35020K, capacity 35157K, committed 35416K, reserved 1081344K
  class space    used 4550K, capacity 4586K, committed 4608K, reserved 1048576K
Event: 5.471 GC heap after
Heap after GC invocations=9 (full 1):
 PSYoungGen      total 260608K, used 12385K [0x000000076b800000, 0x0000000780500000, 0x00000007c0000000)
  eden space 242176K, 0% used [0x000000076b800000,0x000000076b800000,0x000000077a480000)
  from space 18432K, 67% used [0x000000077b680000,0x000000077c2986c0,0x000000077c880000)
  to   space 18432K, 0% used [0x000000077a480000,0x000000077a480000,0x000000077b680000)
 ParOldGen       total 126976K, used 17222K [0x00000006c2800000, 0x00000006ca400000, 0x000000076b800000)
  object space 126976K, 13% used [0x00000006c2800000,0x00000006c38d1958,0x00000006ca400000)
 Metaspace       used 35020K, capacity 35157K, committed 35416K, reserved 1081344K
  class space    used 4550K, capacity 4586K, committed 4608K, reserved 1048576K
}
Event: 5.471 GC heap before
{Heap before GC invocations=10 (full 2):
 PSYoungGen      total 260608K, used 12385K [0x000000076b800000, 0x0000000780500000, 0x00000007c0000000)
  eden space 242176K, 0% used [0x000000076b800000,0x000000076b800000,0x000000077a480000)
  from space 18432K, 67% used [0x000000077b680000,0x000000077c2986c0,0x000000077c880000)
  to   space 18432K, 0% used [0x000000077a480000,0x000000077a480000,0x000000077b680000)
 ParOldGen       total 126976K, used 17222K [0x00000006c2800000, 0x00000006ca400000, 0x000000076b800000)
  object space 126976K, 13% used [0x00000006c2800000,0x00000006c38d1958,0x00000006ca400000)
 Metaspace       used 35020K, capacity 35157K, committed 35416K, reserved 1081344K
  class space    used 4550K, capacity 4586K, committed 4608K, reserved 1048576K
Event: 5.592 GC heap after
Heap after GC invocations=10 (full 2):
 PSYoungGen      total 260608K, used 0K [0x000000076b800000, 0x0000000780500000, 0x00000007c0000000)
  eden space 242176K, 0% used [0x000000076b800000,0x000000076b800000,0x000000077a480000)
  from space 18432K, 0% used [0x000000077b680000,0x000000077b680000,0x000000077c880000)
  to   space 18432K, 0% used [0x000000077a480000,0x000000077a480000,0x000000077b680000)
 ParOldGen       total 126976K, used 24276K [0x00000006c2800000, 0x00000006ca400000, 0x000000076b800000)
  object space 126976K, 19% used [0x00000006c2800000,0x00000006c3fb5178,0x00000006ca400000)
 Metaspace       used 35020K, capacity 35157K, committed 35416K, reserved 1081344K
  class space    used 4550K, capacity 4586K, committed 4608K, reserved 1048576K
}

